2025-11-11 15:57:22, MOVE, v:1, k:poo@lapiseira, mode:PICK
2025-11-11 15:57:28, EXEC, v:1, k:poo@lapiseira, mode:FULL, rate:0, size:105
2025-11-11 16:09:29, EXEC, v:1, k:poo@lapiseira, mode:FULL, rate:0, size:114
2025-11-11 16:09:41, EXEC, v:1, k:poo@lapiseira, mode:FULL, rate:0, size:115
2025-11-11 16:11:16, EXEC, v:1, k:poo@lapiseira, mode:FULL, rate:0, size:115
2025-11-11 16:13:39, EXEC, v:1, k:poo@lapiseira, mode:FULL, rate:0, size:115
2025-11-11 16:13:54, EXEC, v:1, k:poo@lapiseira, mode:FULL, rate:0, size:115
2025-11-11 16:14:32, EXEC, v:1, k:poo@lapiseira, mode:FULL, rate:0, size:115
2025-11-11 16:14:42, EXEC, v:1, k:poo@lapiseira, mode:FULL, rate:0, size:115
2025-11-11 16:15:09, EXEC, v:1, k:poo@lapiseira, mode:FULL, rate:0, size:115
2025-11-11 16:16:41, EXEC, v:1, k:poo@lapiseira, mode:FULL, rate:0, size:115
2025-11-11 16:17:15, EXEC, v:1, k:poo@lapiseira, mode:FULL, rate:0, size:116
2025-11-11 16:17:36, EXEC, v:1, k:poo@lapiseira, mode:FULL, rate:0, size:116
2025-11-11 16:17:55, EXEC, v:1, k:poo@lapiseira, mode:FULL, rate:0, size:116
2025-11-11 16:18:24, EXEC, v:1, k:poo@lapiseira, mode:FULL, rate:0, size:116
2025-11-11 16:18:47, EXEC, v:1, k:poo@lapiseira, mode:FULL, rate:0, size:116
2025-11-11 16:18:55, EXEC, v:1, k:poo@lapiseira, mode:FULL, rate:0, size:116
2025-11-11 16:19:09, EXEC, v:1, k:poo@lapiseira, mode:FULL, rate:0, size:116
2025-11-11 16:19:51, EXEC, v:1, k:poo@lapiseira, mode:FULL, rate:0, size:115
2025-11-11 16:25:46, EXEC, v:1, k:poo@lapiseira, mode:FULL, rate:0, size:116
2025-11-11 16:26:39, EXEC, v:1, k:poo@lapiseira, mode:FULL, rate:0, size:116
2025-11-11 16:27:27, EXEC, v:1, k:poo@lapiseira, mode:FULL, rate:0, size:116
2025-11-11 16:27:41, EXEC, v:1, k:poo@lapiseira, mode:FULL, rate:0, size:116
2025-11-11 16:28:21, EXEC, v:1, k:poo@lapiseira, mode:FULL, rate:0, size:116
2025-11-11 16:35:16, EXEC, v:1, k:poo@lapiseira, mode:FULL, rate:7, size:126
2025-11-11 16:40:41, EXEC, v:1, k:poo@lapiseira, mode:FULL, rate:7, size:127
2025-11-11 16:41:12, EXEC, v:1, k:poo@lapiseira, mode:FULL, rate:14, size:127
2025-11-11 16:43:36, EXEC, v:1, k:poo@lapiseira, mode:FULL, rate:14, size:127
2025-11-11 16:44:18, EXEC, v:1, k:poo@lapiseira, mode:FULL, rate:14, size:127
2025-11-11 16:45:26, EXEC, v:1, k:poo@lapiseira, mode:FULL, rate:7, size:128
2025-11-11 16:45:42, MOVE, v:1, k:poo@lapiseira, mode:BACK
2025-11-11 16:46:01, MOVE, v:1, k:poo@lapiseira, mode:PICK
2025-11-11 16:46:04, EXEC, v:1, k:poo@lapiseira, mode:FULL, rate:7
2025-11-11 16:47:24, EXEC, v:1, k:poo@lapiseira, mode:FULL, rate:7, size:128
2025-11-11 16:47:51, EXEC, v:1, k:poo@lapiseira, mode:FULL, rate:14, size:127
2025-11-11 16:49:47, EXEC, v:1, k:poo@lapiseira, mode:FULL, rate:21, size:127
2025-11-11 16:52:31, EXEC, v:1, k:poo@lapiseira, mode:FULL, rate:35, size:130
2025-11-11 16:54:07, EXEC, v:1, k:poo@lapiseira, mode:FULL, rate:35, size:133
2025-11-11 16:56:13, EXEC, v:1, k:poo@lapiseira, mode:FULL, rate:0, size:133
2025-11-11 16:57:06, EXEC, v:1, k:poo@lapiseira, mode:FULL, rate:0, size:133
2025-11-11 16:59:36, EXEC, v:1, k:poo@lapiseira, mode:FULL, rate:0, size:136
2025-11-11 16:59:51, EXEC, v:1, k:poo@lapiseira, mode:FULL, rate:0, size:136
2025-11-11 17:01:05, EXEC, v:1, k:poo@lapiseira, mode:FULL, rate:0
2025-11-11 17:05:46, EXEC, v:1, k:poo@lapiseira, mode:FULL, rate:7, size:136
2025-11-11 17:07:02, EXEC, v:1, k:poo@lapiseira, mode:FULL, rate:35, size:138
2025-11-11 17:07:42, EXEC, v:1, k:poo@lapiseira, mode:FULL, rate:35, size:138
2025-11-11 17:09:46, MOVE, v:1, k:poo@lapiseira, mode:PICK
2025-11-11 17:09:47, EXEC, v:1, k:poo@lapiseira, mode:FULL, rate:28, size:138
2025-11-11 17:10:17, EXEC, v:1, k:poo@lapiseira, mode:FULL, rate:50, size:138
2025-11-11 17:12:37, EXEC, v:1, k:poo@lapiseira, mode:FULL, rate:57, size:143
2025-11-11 17:14:36, EXEC, v:1, k:poo@lapiseira, mode:FULL, rate:57, size:149
2025-11-11 17:17:23, EXEC, v:1, k:poo@lapiseira, mode:FULL, rate:71, size:149
2025-11-11 17:18:15, EXEC, v:1, k:poo@lapiseira, mode:FULL, rate:71, size:149
2025-11-11 17:18:17, EXEC, v:1, k:poo@lapiseira, mode:FREE
2025-11-11 17:19:07, MOVE, v:1, k:poo@lapiseira, mode:PICK
2025-11-11 17:19:10, EXEC, v:1, k:poo@lapiseira, mode:FULL, rate:71
2025-11-11 17:20:06, MOVE, v:1, k:poo@lapiseira, mode:PICK
2025-11-11 17:20:09, EXEC, v:1, k:poo@lapiseira, mode:FULL, rate:71
2025-11-11 17:20:42, MOVE, v:1, k:poo@lapiseira, mode:BACK
2025-11-11 17:21:02, MOVE, v:1, k:poo@lapiseira, mode:PICK
2025-11-11 17:21:05, EXEC, v:1, k:poo@lapiseira, mode:FULL, rate:71, size:149
