2025-11-06 22:14:28, MOVE, v:1, k:poo@cinema, mode:PICK
2025-11-06 22:14:30, EXEC, v:1, k:poo@cinema, mode:FULL, rate:0, size:84
2025-11-06 22:15:26, EXEC, v:1, k:poo@cinema, mode:FULL, rate:0, size:86
2025-11-06 22:15:33, EXEC, v:1, k:poo@cinema, mode:FULL, rate:0
2025-11-06 22:18:51, EXEC, v:1, k:poo@cinema, mode:FULL, rate:0, size:86
2025-11-06 22:20:30, EXEC, v:1, k:poo@cinema, mode:FULL, rate:11, size:86
2025-11-06 22:20:34, EXEC, v:1, k:poo@cinema, mode:FULL, rate:11
2025-11-06 22:20:54, EXEC, v:1, k:poo@cinema, mode:FULL, rate:0, size:86
2025-11-06 22:22:01, EXEC, v:1, k:poo@cinema, mode:FULL, rate:0, size:86
2025-11-06 22:22:45, EXEC, v:1, k:poo@cinema, mode:FULL, rate:0, size:86
2025-11-06 22:23:07, EXEC, v:1, k:poo@cinema, mode:FULL, rate:33, size:86
2025-11-06 22:23:52, EXEC, v:1, k:poo@cinema, mode:FULL, rate:33, size:86
2025-11-06 22:24:53, EXEC, v:1, k:poo@cinema, mode:FULL, rate:33, size:86
2025-11-06 22:26:39, EXEC, v:1, k:poo@cinema, mode:FULL, rate:33
2025-11-06 22:29:18, EXEC, v:1, k:poo@cinema, mode:FULL, rate:33, size:86
2025-11-06 22:31:15, EXEC, v:1, k:poo@cinema, mode:FULL, rate:33, size:86
2025-11-06 22:31:56, EXEC, v:1, k:poo@cinema, mode:FULL, rate:33, size:87
2025-11-06 22:32:58, EXEC, v:1, k:poo@cinema, mode:FULL, rate:100, size:128
2025-11-06 22:33:04, MOVE, v:1, k:poo@cinema, mode:BACK
2025-11-06 22:33:26, MOVE, v:1, k:poo@cinema, mode:PICK
2025-11-06 22:33:27, EXEC, v:1, k:poo@cinema, mode:FULL, rate:100
2025-11-06 22:34:10, EXEC, v:1, k:poo@cinema, mode:FULL, rate:0, size:91
2025-11-06 22:34:20, EXEC, v:1, k:poo@cinema, mode:FULL, rate:100, size:91
2025-11-06 22:41:10, MOVE, v:1, k:poo@cinema, mode:BACK
2025-11-06 22:48:21, MOVE, v:1, k:poo@cinema, mode:PICK
2025-11-06 22:48:24, EXEC, v:1, k:poo@cinema, mode:FULL, rate:100
2025-11-06 22:48:27, MOVE, v:1, k:poo@cinema, mode:BACK
2025-11-06 22:48:51, MOVE, v:1, k:poo@tabuleiro, mode:DOWN
2025-11-06 22:48:52, MOVE, v:1, k:poo@tabuleiro, mode:PICK
2025-11-06 22:49:50, MOVE, v:1, k:poo@tabuleiro, mode:BACK
2025-11-06 22:49:58, MOVE, v:1, k:poo@lapiseira, mode:DOWN
2025-11-06 22:50:03, MOVE, v:1, k:poo@lapiseira, mode:PICK
2025-11-06 23:13:42, MOVE, v:1, k:poo@lapiseira, mode:BACK
2025-11-06 23:13:44, MOVE, v:1, k:poo@lapiseira, mode:PICK
2025-11-06 23:13:45, MOVE, v:1, k:poo@lapiseira, mode:BACK
2025-11-06 23:13:56, MOVE, v:1, k:poo@lapiseira, mode:PICK
2025-11-06 23:14:00, MOVE, v:1, k:poo@lapiseira, mode:BACK
2025-11-06 23:14:05, MOVE, v:1, k:poo@lapiseira, mode:PICK
2025-11-06 23:14:05, MOVE, v:1, k:poo@lapiseira, mode:BACK
